{
  "stats": {
    "suites": 1,
    "tests": 1,
    "passes": 1,
    "pending": 0,
    "failures": 0,
    "start": "2017-08-04T08:06:19.222Z",
    "end": "2017-08-04T08:06:19.230Z",
    "duration": 8,
    "testsRegistered": 1,
    "passPercent": 100,
    "pendingPercent": 0,
    "other": 0,
    "hasOther": false,
    "skipped": 0,
    "hasSkipped": false,
    "passPercentClass": "success",
    "pendingPercentClass": "danger"
  },
  "suites": {
    "title": "",
    "suites": [
      {
        "title": "#test()",
        "suites": [],
        "tests": [
          {
            "title": "case 1",
            "fullTitle": "#test() case 1",
            "timedOut": false,
            "duration": 0,
            "state": "passed",
            "speed": "fast",
            "pass": true,
            "fail": false,
            "pending": false,
            "code": "assert.equal(1,\"1\",\"ok\");",
            "err": {},
            "isRoot": false,
            "uuid": "68fb414d-e3e3-4833-82de-2f83cc2e5587",
            "parentUUID": "8656ce28-31bc-4306-8611-a9b065811f86",
            "isHook": false,
            "skipped": false
          }
        ],
        "pending": [],
        "root": false,
        "_timeout": 2000,
        "file": "/spec/demo/test.spec.js",
        "uuid": "8656ce28-31bc-4306-8611-a9b065811f86",
        "beforeHooks": [],
        "afterHooks": [],
        "fullFile": "/home/tenero/github/vue-seed/test/spec/demo/test.spec.js",
        "passes": [
          {
            "title": "case 1",
            "fullTitle": "#test() case 1",
            "timedOut": false,
            "duration": 0,
            "state": "passed",
            "speed": "fast",
            "pass": true,
            "fail": false,
            "pending": false,
            "code": "assert.equal(1,\"1\",\"ok\");",
            "err": {},
            "isRoot": false,
            "uuid": "68fb414d-e3e3-4833-82de-2f83cc2e5587",
            "parentUUID": "8656ce28-31bc-4306-8611-a9b065811f86",
            "isHook": false,
            "skipped": false
          }
        ],
        "failures": [],
        "skipped": [],
        "hasBeforeHooks": false,
        "hasAfterHooks": false,
        "hasTests": true,
        "hasSuites": false,
        "totalTests": 1,
        "totalPasses": 1,
        "totalFailures": 0,
        "totalPending": 0,
        "totalSkipped": 0,
        "hasPasses": true,
        "hasFailures": false,
        "hasPending": false,
        "hasSkipped": false,
        "duration": 0,
        "rootEmpty": false
      }
    ],
    "tests": [],
    "pending": [],
    "root": true,
    "_timeout": 2000,
    "uuid": "14fc33ad-dfe4-46fd-bbfa-4942d4b6cd88",
    "beforeHooks": [],
    "afterHooks": [],
    "fullFile": "",
    "file": "",
    "passes": [],
    "failures": [],
    "skipped": [],
    "hasBeforeHooks": false,
    "hasAfterHooks": false,
    "hasTests": false,
    "hasSuites": true,
    "totalTests": 0,
    "totalPasses": 0,
    "totalFailures": 0,
    "totalPending": 0,
    "totalSkipped": 0,
    "hasPasses": false,
    "hasFailures": false,
    "hasPending": false,
    "hasSkipped": false,
    "duration": 0,
    "rootEmpty": true
  },
  "allTests": [
    {
      "title": "case 1",
      "fullTitle": "#test() case 1",
      "timedOut": false,
      "duration": 0,
      "state": "passed",
      "speed": "fast",
      "pass": true,
      "fail": false,
      "pending": false,
      "code": "assert.equal(1,\"1\",\"ok\");",
      "err": {},
      "isRoot": false,
      "uuid": "68fb414d-e3e3-4833-82de-2f83cc2e5587",
      "parentUUID": "8656ce28-31bc-4306-8611-a9b065811f86",
      "isHook": false,
      "skipped": false
    }
  ],
  "allPending": [],
  "allPasses": [
    {
      "title": "case 1",
      "fullTitle": "#test() case 1",
      "timedOut": false,
      "duration": 0,
      "state": "passed",
      "speed": "fast",
      "pass": true,
      "fail": false,
      "pending": false,
      "code": "assert.equal(1,\"1\",\"ok\");",
      "err": {},
      "isRoot": false,
      "uuid": "68fb414d-e3e3-4833-82de-2f83cc2e5587",
      "parentUUID": "8656ce28-31bc-4306-8611-a9b065811f86",
      "isHook": false,
      "skipped": false
    }
  ],
  "allFailures": [],
  "copyrightYear": 2017
}